Started at Tue Jul 23 13:55:54 UTC 2024
Processing DOCKER_TEST
Offering DOCKER_TEST to Project Build Discarder
Processing PIPELINE_DEMO
Offering PIPELINE_DEMO to Project Build Discarder
Finished at Tue Jul 23 13:55:54 UTC 2024. 4ms
Started at Wed Jul 24 06:24:19 UTC 2024
Processing DOCKER_TEST
Offering DOCKER_TEST to Project Build Discarder
Processing PIPELINE_DEMO
Offering PIPELINE_DEMO to Project Build Discarder
Finished at Wed Jul 24 06:24:19 UTC 2024. 187ms
Started at Wed Jul 24 07:24:21 UTC 2024
Processing DOCKER_TEST
Offering DOCKER_TEST to Project Build Discarder
Processing PIPELINE_DEMO
Offering PIPELINE_DEMO to Project Build Discarder
Finished at Wed Jul 24 07:24:21 UTC 2024. 34ms
Started at Wed Jul 24 08:33:30 UTC 2024
Processing DOCKER_TEST
Offering DOCKER_TEST to Project Build Discarder
Processing PIPELINE_DEMO
Offering PIPELINE_DEMO to Project Build Discarder
Finished at Wed Jul 24 08:33:30 UTC 2024. 71ms
Started at Wed Jul 24 09:33:31 UTC 2024
Processing DOCKER_TEST
Offering DOCKER_TEST to Project Build Discarder
Processing PIPELINE_DEMO
Offering PIPELINE_DEMO to Project Build Discarder
Finished at Wed Jul 24 09:33:31 UTC 2024. 294ms
Started at Wed Jul 24 10:34:09 UTC 2024
Processing DOCKER_TEST
Offering DOCKER_TEST to Project Build Discarder
Processing PIPELINE_DEMO
Offering PIPELINE_DEMO to Project Build Discarder
Finished at Wed Jul 24 10:34:09 UTC 2024. 21ms
